[0.096s] DEBUG:colcon:Command line arguments: ['/usr/bin/colcon', 'build', '--packages-select', 'web_dashboard', 'mission_controller']
[0.097s] DEBUG:colcon:Parsed command line arguments: Namespace(log_base=None, log_level=None, verb_name='build', build_base='build', install_base='install', merge_install=False, symlink_install=False, test_result_base=None, continue_on_error=False, executor='parallel', parallel_workers=16, event_handlers=None, ignore_user_meta=False, metas=['./colcon.meta'], base_paths=['.'], packages_ignore=None, packages_ignore_regex=None, paths=None, packages_up_to=None, packages_up_to_regex=None, packages_above=None, packages_above_and_dependencies=None, packages_above_depth=None, packages_select_by_dep=None, packages_skip_by_dep=None, packages_skip_up_to=None, packages_select_build_failed=False, packages_skip_build_finished=False, packages_select_test_failures=False, packages_skip_test_passed=False, packages_select=['web_dashboard', 'mission_controller'], packages_skip=None, packages_select_regex=None, packages_skip_regex=None, packages_start=None, packages_end=None, allow_overriding=[], cmake_args=None, cmake_target=None, cmake_target_skip_unavailable=False, cmake_clean_cache=False, cmake_clean_first=False, cmake_force_configure=False, ament_cmake_args=None, catkin_cmake_args=None, catkin_skip_building_tests=False, mixin_files=None, mixin=None, verb_parser=<colcon_mixin.mixin.mixin_argument.MixinArgumentDecorator object at 0x75f3b428a440>, verb_extension=<colcon_core.verb.build.BuildVerb object at 0x75f3b428a050>, main=<bound method BuildVerb.main of <colcon_core.verb.build.BuildVerb object at 0x75f3b428a050>>, mixin_verb=('build',))
[0.267s] Level 1:colcon.colcon_core.package_discovery:discover_packages(colcon_meta) check parameters
[0.267s] Level 1:colcon.colcon_core.package_discovery:discover_packages(recursive) check parameters
[0.267s] Level 1:colcon.colcon_core.package_discovery:discover_packages(ignore) check parameters
[0.267s] Level 1:colcon.colcon_core.package_discovery:discover_packages(path) check parameters
[0.267s] Level 1:colcon.colcon_core.package_discovery:discover_packages(colcon_meta) discover
[0.267s] Level 1:colcon.colcon_core.package_discovery:discover_packages(recursive) discover
[0.267s] INFO:colcon.colcon_core.package_discovery:Crawling recursively for packages in '/home/het/nexus_ws'
[0.267s] Level 1:colcon.colcon_core.package_identification:_identify(.) by extensions ['ignore', 'ignore_ament_install']
[0.267s] Level 1:colcon.colcon_core.package_identification:_identify(.) by extension 'ignore'
[0.267s] Level 1:colcon.colcon_core.package_identification:_identify(.) by extension 'ignore_ament_install'
[0.267s] Level 1:colcon.colcon_core.package_identification:_identify(.) by extensions ['colcon_pkg']
[0.267s] Level 1:colcon.colcon_core.package_identification:_identify(.) by extension 'colcon_pkg'
[0.267s] Level 1:colcon.colcon_core.package_identification:_identify(.) by extensions ['colcon_meta']
[0.267s] Level 1:colcon.colcon_core.package_identification:_identify(.) by extension 'colcon_meta'
[0.267s] Level 1:colcon.colcon_core.package_identification:_identify(.) by extensions ['ros']
[0.267s] Level 1:colcon.colcon_core.package_identification:_identify(.) by extension 'ros'
[0.297s] Level 1:colcon.colcon_core.package_identification:_identify(.) by extensions ['cmake', 'python']
[0.297s] Level 1:colcon.colcon_core.package_identification:_identify(.) by extension 'cmake'
[0.297s] Level 1:colcon.colcon_core.package_identification:_identify(.) by extension 'python'
[0.297s] Level 1:colcon.colcon_core.package_identification:_identify(.) by extensions ['python_setup_py']
[0.297s] Level 1:colcon.colcon_core.package_identification:_identify(.) by extension 'python_setup_py'
[0.298s] Level 1:colcon.colcon_core.package_identification:_identify(build) by extensions ['ignore', 'ignore_ament_install']
[0.298s] Level 1:colcon.colcon_core.package_identification:_identify(build) by extension 'ignore'
[0.298s] Level 1:colcon.colcon_core.package_identification:_identify(build) ignored
[0.298s] Level 1:colcon.colcon_core.package_identification:_identify(install) by extensions ['ignore', 'ignore_ament_install']
[0.298s] Level 1:colcon.colcon_core.package_identification:_identify(install) by extension 'ignore'
[0.298s] Level 1:colcon.colcon_core.package_identification:_identify(install) ignored
[0.298s] Level 1:colcon.colcon_core.package_identification:_identify(log) by extensions ['ignore', 'ignore_ament_install']
[0.298s] Level 1:colcon.colcon_core.package_identification:_identify(log) by extension 'ignore'
[0.298s] Level 1:colcon.colcon_core.package_identification:_identify(log) ignored
[0.298s] Level 1:colcon.colcon_core.package_identification:_identify(src) by extensions ['ignore', 'ignore_ament_install']
[0.298s] Level 1:colcon.colcon_core.package_identification:_identify(src) by extension 'ignore'
[0.298s] Level 1:colcon.colcon_core.package_identification:_identify(src) by extension 'ignore_ament_install'
[0.298s] Level 1:colcon.colcon_core.package_identification:_identify(src) by extensions ['colcon_pkg']
[0.298s] Level 1:colcon.colcon_core.package_identification:_identify(src) by extension 'colcon_pkg'
[0.298s] Level 1:colcon.colcon_core.package_identification:_identify(src) by extensions ['colcon_meta']
[0.298s] Level 1:colcon.colcon_core.package_identification:_identify(src) by extension 'colcon_meta'
[0.298s] Level 1:colcon.colcon_core.package_identification:_identify(src) by extensions ['ros']
[0.298s] Level 1:colcon.colcon_core.package_identification:_identify(src) by extension 'ros'
[0.298s] Level 1:colcon.colcon_core.package_identification:_identify(src) by extensions ['cmake', 'python']
[0.298s] Level 1:colcon.colcon_core.package_identification:_identify(src) by extension 'cmake'
[0.298s] Level 1:colcon.colcon_core.package_identification:_identify(src) by extension 'python'
[0.298s] Level 1:colcon.colcon_core.package_identification:_identify(src) by extensions ['python_setup_py']
[0.298s] Level 1:colcon.colcon_core.package_identification:_identify(src) by extension 'python_setup_py'
[0.298s] Level 1:colcon.colcon_core.package_identification:_identify(src/mission_controller) by extensions ['ignore', 'ignore_ament_install']
[0.298s] Level 1:colcon.colcon_core.package_identification:_identify(src/mission_controller) by extension 'ignore'
[0.298s] Level 1:colcon.colcon_core.package_identification:_identify(src/mission_controller) by extension 'ignore_ament_install'
[0.299s] Level 1:colcon.colcon_core.package_identification:_identify(src/mission_controller) by extensions ['colcon_pkg']
[0.299s] Level 1:colcon.colcon_core.package_identification:_identify(src/mission_controller) by extension 'colcon_pkg'
[0.299s] Level 1:colcon.colcon_core.package_identification:_identify(src/mission_controller) by extensions ['colcon_meta']
[0.299s] Level 1:colcon.colcon_core.package_identification:_identify(src/mission_controller) by extension 'colcon_meta'
[0.299s] Level 1:colcon.colcon_core.package_identification:_identify(src/mission_controller) by extensions ['ros']
[0.299s] Level 1:colcon.colcon_core.package_identification:_identify(src/mission_controller) by extension 'ros'
[0.301s] DEBUG:colcon.colcon_core.package_identification:Package 'src/mission_controller' with type 'ros.ament_python' and name 'mission_controller'
[0.301s] Level 1:colcon.colcon_core.package_identification:_identify(src/web_dashboard) by extensions ['ignore', 'ignore_ament_install']
[0.301s] Level 1:colcon.colcon_core.package_identification:_identify(src/web_dashboard) by extension 'ignore'
[0.301s] Level 1:colcon.colcon_core.package_identification:_identify(src/web_dashboard) by extension 'ignore_ament_install'
[0.301s] Level 1:colcon.colcon_core.package_identification:_identify(src/web_dashboard) by extensions ['colcon_pkg']
[0.301s] Level 1:colcon.colcon_core.package_identification:_identify(src/web_dashboard) by extension 'colcon_pkg'
[0.301s] Level 1:colcon.colcon_core.package_identification:_identify(src/web_dashboard) by extensions ['colcon_meta']
[0.301s] Level 1:colcon.colcon_core.package_identification:_identify(src/web_dashboard) by extension 'colcon_meta'
[0.301s] Level 1:colcon.colcon_core.package_identification:_identify(src/web_dashboard) by extensions ['ros']
[0.301s] Level 1:colcon.colcon_core.package_identification:_identify(src/web_dashboard) by extension 'ros'
[0.302s] DEBUG:colcon.colcon_core.package_identification:Package 'src/web_dashboard' with type 'ros.ament_python' and name 'web_dashboard'
[0.302s] Level 1:colcon.colcon_core.package_discovery:discover_packages(recursive) using defaults
[0.302s] Level 1:colcon.colcon_core.package_discovery:discover_packages(ignore) discover
[0.302s] Level 1:colcon.colcon_core.package_discovery:discover_packages(ignore) using defaults
[0.302s] Level 1:colcon.colcon_core.package_discovery:discover_packages(path) discover
[0.302s] Level 1:colcon.colcon_core.package_discovery:discover_packages(path) using defaults
[0.319s] Level 1:colcon.colcon_core.package_discovery:discover_packages(prefix_path) check parameters
[0.319s] Level 1:colcon.colcon_core.package_discovery:discover_packages(prefix_path) discover
[0.320s] WARNING:colcon.colcon_ros.prefix_path.ament:The path '/home/het/nexus_ws/install/web_dashboard' in the environment variable AMENT_PREFIX_PATH doesn't exist
[0.320s] WARNING:colcon.colcon_ros.prefix_path.ament:The path '/home/het/nexus_ws/install/vision_monitor' in the environment variable AMENT_PREFIX_PATH doesn't exist
[0.320s] WARNING:colcon.colcon_ros.prefix_path.ament:The path '/home/het/nexus_ws/install/mission_controller' in the environment variable AMENT_PREFIX_PATH doesn't exist
[0.320s] WARNING:colcon.colcon_ros.prefix_path.ament:The path '/home/het/nexus_ws/install/hybrid_controller' in the environment variable AMENT_PREFIX_PATH doesn't exist
[0.320s] WARNING:colcon.colcon_ros.prefix_path.ament:The path '/home/het/nexus_ws/install/gesture_bridge' in the environment variable AMENT_PREFIX_PATH doesn't exist
[0.320s] WARNING:colcon.colcon_ros.prefix_path.ament:The path '/home/het/nexus_ws/install/fpv_viewer' in the environment variable AMENT_PREFIX_PATH doesn't exist
[0.320s] WARNING:colcon.colcon_ros.prefix_path.ament:The path '/home/het/nexus_ws/install/decision_controller' in the environment variable AMENT_PREFIX_PATH doesn't exist
[0.321s] DEBUG:colcon.colcon_installed_package_information.package_discovery:Found 0 installed packages in /home/het/nexus_ws/install
[0.322s] DEBUG:colcon.colcon_installed_package_information.package_discovery:Found 423 installed packages in /opt/ros/humble
[0.324s] Level 1:colcon.colcon_core.package_discovery:discover_packages(prefix_path) using defaults
[0.354s] Level 5:colcon.colcon_core.verb:set package 'mission_controller' build argument 'cmake_args' from command line to 'None'
[0.354s] Level 5:colcon.colcon_core.verb:set package 'mission_controller' build argument 'cmake_target' from command line to 'None'
[0.354s] Level 5:colcon.colcon_core.verb:set package 'mission_controller' build argument 'cmake_target_skip_unavailable' from command line to 'False'
[0.354s] Level 5:colcon.colcon_core.verb:set package 'mission_controller' build argument 'cmake_clean_cache' from command line to 'False'
[0.354s] Level 5:colcon.colcon_core.verb:set package 'mission_controller' build argument 'cmake_clean_first' from command line to 'False'
[0.354s] Level 5:colcon.colcon_core.verb:set package 'mission_controller' build argument 'cmake_force_configure' from command line to 'False'
[0.354s] Level 5:colcon.colcon_core.verb:set package 'mission_controller' build argument 'ament_cmake_args' from command line to 'None'
[0.354s] Level 5:colcon.colcon_core.verb:set package 'mission_controller' build argument 'catkin_cmake_args' from command line to 'None'
[0.354s] Level 5:colcon.colcon_core.verb:set package 'mission_controller' build argument 'catkin_skip_building_tests' from command line to 'False'
[0.354s] DEBUG:colcon.colcon_core.verb:Building package 'mission_controller' with the following arguments: {'ament_cmake_args': None, 'build_base': '/home/het/nexus_ws/build/mission_controller', 'catkin_cmake_args': None, 'catkin_skip_building_tests': False, 'cmake_args': None, 'cmake_clean_cache': False, 'cmake_clean_first': False, 'cmake_force_configure': False, 'cmake_target': None, 'cmake_target_skip_unavailable': False, 'install_base': '/home/het/nexus_ws/install/mission_controller', 'merge_install': False, 'path': '/home/het/nexus_ws/src/mission_controller', 'symlink_install': False, 'test_result_base': None}
[0.355s] Level 5:colcon.colcon_core.verb:set package 'web_dashboard' build argument 'cmake_args' from command line to 'None'
[0.355s] Level 5:colcon.colcon_core.verb:set package 'web_dashboard' build argument 'cmake_target' from command line to 'None'
[0.355s] Level 5:colcon.colcon_core.verb:set package 'web_dashboard' build argument 'cmake_target_skip_unavailable' from command line to 'False'
[0.355s] Level 5:colcon.colcon_core.verb:set package 'web_dashboard' build argument 'cmake_clean_cache' from command line to 'False'
[0.355s] Level 5:colcon.colcon_core.verb:set package 'web_dashboard' build argument 'cmake_clean_first' from command line to 'False'
[0.355s] Level 5:colcon.colcon_core.verb:set package 'web_dashboard' build argument 'cmake_force_configure' from command line to 'False'
[0.355s] Level 5:colcon.colcon_core.verb:set package 'web_dashboard' build argument 'ament_cmake_args' from command line to 'None'
[0.355s] Level 5:colcon.colcon_core.verb:set package 'web_dashboard' build argument 'catkin_cmake_args' from command line to 'None'
[0.355s] Level 5:colcon.colcon_core.verb:set package 'web_dashboard' build argument 'catkin_skip_building_tests' from command line to 'False'
[0.355s] DEBUG:colcon.colcon_core.verb:Building package 'web_dashboard' with the following arguments: {'ament_cmake_args': None, 'build_base': '/home/het/nexus_ws/build/web_dashboard', 'catkin_cmake_args': None, 'catkin_skip_building_tests': False, 'cmake_args': None, 'cmake_clean_cache': False, 'cmake_clean_first': False, 'cmake_force_configure': False, 'cmake_target': None, 'cmake_target_skip_unavailable': False, 'install_base': '/home/het/nexus_ws/install/web_dashboard', 'merge_install': False, 'path': '/home/het/nexus_ws/src/web_dashboard', 'symlink_install': False, 'test_result_base': None}
[0.355s] INFO:colcon.colcon_core.executor:Executing jobs using 'parallel' executor
[0.356s] DEBUG:colcon.colcon_parallel_executor.executor.parallel:run_until_complete
[0.356s] INFO:colcon.colcon_ros.task.ament_python.build:Building ROS package in '/home/het/nexus_ws/src/mission_controller' with build type 'ament_python'
[0.356s] Level 1:colcon.colcon_core.shell:create_environment_hook('mission_controller', 'ament_prefix_path')
[0.360s] INFO:colcon.colcon_core.plugin_system:Skipping extension 'colcon_core.shell.bat': Not used on non-Windows systems
[0.360s] INFO:colcon.colcon_core.shell:Creating environment hook '/home/het/nexus_ws/install/mission_controller/share/mission_controller/hook/ament_prefix_path.ps1'
[0.361s] INFO:colcon.colcon_core.shell:Creating environment descriptor '/home/het/nexus_ws/install/mission_controller/share/mission_controller/hook/ament_prefix_path.dsv'
[0.361s] INFO:colcon.colcon_core.shell:Creating environment hook '/home/het/nexus_ws/install/mission_controller/share/mission_controller/hook/ament_prefix_path.sh'
[0.362s] INFO:colcon.colcon_core.shell:Skip shell extension 'powershell' for command environment: Not usable outside of PowerShell
[0.362s] DEBUG:colcon.colcon_core.shell:Skip shell extension 'dsv' for command environment
[0.364s] INFO:colcon.colcon_ros.task.ament_python.build:Building ROS package in '/home/het/nexus_ws/src/web_dashboard' with build type 'ament_python'
[0.364s] Level 1:colcon.colcon_core.shell:create_environment_hook('web_dashboard', 'ament_prefix_path')
[0.364s] INFO:colcon.colcon_core.shell:Creating environment hook '/home/het/nexus_ws/install/web_dashboard/share/web_dashboard/hook/ament_prefix_path.ps1'
[0.365s] INFO:colcon.colcon_core.shell:Creating environment descriptor '/home/het/nexus_ws/install/web_dashboard/share/web_dashboard/hook/ament_prefix_path.dsv'
[0.365s] INFO:colcon.colcon_core.shell:Creating environment hook '/home/het/nexus_ws/install/web_dashboard/share/web_dashboard/hook/ament_prefix_path.sh'
[0.365s] INFO:colcon.colcon_core.shell:Skip shell extension 'powershell' for command environment: Not usable outside of PowerShell
[0.365s] DEBUG:colcon.colcon_core.shell:Skip shell extension 'dsv' for command environment
[0.544s] WARNING:colcon.colcon_ros.task.ament_python.build:Package 'mission_controller' doesn't explicitly install a marker in the package index (colcon-ros currently does it implicitly but that fallback will be removed in the future)
[0.544s] WARNING:colcon.colcon_ros.task.ament_python.build:Package 'mission_controller' doesn't explicitly install the 'package.xml' file (colcon-ros currently does it implicitly but that fallback will be removed in the future)
[0.544s] INFO:colcon.colcon_core.task.python.build:Building Python package in '/home/het/nexus_ws/src/mission_controller'
[0.544s] INFO:colcon.colcon_core.shell:Skip shell extension 'powershell' for command environment: Not usable outside of PowerShell
[0.544s] DEBUG:colcon.colcon_core.shell:Skip shell extension 'dsv' for command environment
[0.718s] WARNING:colcon.colcon_ros.task.ament_python.build:Package 'web_dashboard' doesn't explicitly install a marker in the package index (colcon-ros currently does it implicitly but that fallback will be removed in the future)
[0.718s] INFO:colcon.colcon_core.task.python.build:Building Python package in '/home/het/nexus_ws/src/web_dashboard'
[0.718s] INFO:colcon.colcon_core.shell:Skip shell extension 'powershell' for command environment: Not usable outside of PowerShell
[0.719s] DEBUG:colcon.colcon_core.shell:Skip shell extension 'dsv' for command environment
[1.008s] DEBUG:colcon.colcon_core.task.python.build:Available setuptools commands: install_data, clean, egg_info, register, install_headers, upload, bdist_wheel, build_clib, build, compile_catalog, alias, build_ext, build_py, bdist, dist_info, init_catalog, build_scripts, upload_docs, install_lib, symlink_data, test, update_catalog, sdist, setopt, rotate, extract_messages, develop, bdist_egg, saveopts, bdist_dumb, easy_install, install_scripts, install, bdist_rpm, check, install_egg_info
[1.009s] DEBUG:colcon.colcon_core.event_handler.log_command:Invoking command in '/home/het/nexus_ws/src/mission_controller': PYTHONPATH=/home/het/nexus_ws/build/mission_controller/prefix_override:/usr/lib/python3/dist-packages/colcon_core/task/python/colcon_distutils_commands:/home/het/nexus_ws/install/mission_controller/lib/python3.10/site-packages:${PYTHONPATH} /usr/bin/python3 -W ignore:setup.py install is deprecated -W ignore:easy_install command is deprecated setup.py egg_info --egg-base ../../build/mission_controller build --build-base /home/het/nexus_ws/build/mission_controller/build install --record /home/het/nexus_ws/build/mission_controller/install.log --single-version-externally-managed
[1.012s] DEBUG:colcon.colcon_core.task.python.build:Available setuptools commands: install_data, clean, egg_info, register, install_headers, upload, bdist_wheel, build_clib, build, compile_catalog, alias, build_ext, build_py, bdist, dist_info, init_catalog, build_scripts, upload_docs, install_lib, symlink_data, test, update_catalog, sdist, setopt, rotate, extract_messages, develop, bdist_egg, saveopts, bdist_dumb, easy_install, install_scripts, install, bdist_rpm, check, install_egg_info
[1.013s] DEBUG:colcon.colcon_core.event_handler.log_command:Invoking command in '/home/het/nexus_ws/src/web_dashboard': PYTHONPATH=/home/het/nexus_ws/build/web_dashboard/prefix_override:/usr/lib/python3/dist-packages/colcon_core/task/python/colcon_distutils_commands:/home/het/nexus_ws/install/web_dashboard/lib/python3.10/site-packages:${PYTHONPATH} /usr/bin/python3 -W ignore:setup.py install is deprecated -W ignore:easy_install command is deprecated setup.py egg_info --egg-base ../../build/web_dashboard build --build-base /home/het/nexus_ws/build/web_dashboard/build install --record /home/het/nexus_ws/build/web_dashboard/install.log --single-version-externally-managed install_data
[1.209s] DEBUG:colcon.colcon_core.event_handler.log_command:Invoked command in '/home/het/nexus_ws/src/web_dashboard' returned '0': PYTHONPATH=/home/het/nexus_ws/build/web_dashboard/prefix_override:/usr/lib/python3/dist-packages/colcon_core/task/python/colcon_distutils_commands:/home/het/nexus_ws/install/web_dashboard/lib/python3.10/site-packages:${PYTHONPATH} /usr/bin/python3 -W ignore:setup.py install is deprecated -W ignore:easy_install command is deprecated setup.py egg_info --egg-base ../../build/web_dashboard build --build-base /home/het/nexus_ws/build/web_dashboard/build install --record /home/het/nexus_ws/build/web_dashboard/install.log --single-version-externally-managed install_data
[1.213s] Level 1:colcon.colcon_core.environment:checking '/home/het/nexus_ws/install/web_dashboard' for CMake module files
[1.213s] Level 1:colcon.colcon_core.environment:checking '/home/het/nexus_ws/install/web_dashboard' for CMake config files
[1.213s] Level 1:colcon.colcon_core.environment:checking '/home/het/nexus_ws/install/web_dashboard/lib'
[1.213s] Level 1:colcon.colcon_core.environment:checking '/home/het/nexus_ws/install/web_dashboard/bin'
[1.213s] Level 1:colcon.colcon_core.shell:create_environment_hook('web_dashboard', 'path')
[1.214s] INFO:colcon.colcon_core.shell:Creating environment hook '/home/het/nexus_ws/install/web_dashboard/share/web_dashboard/hook/path.ps1'
[1.214s] INFO:colcon.colcon_core.shell:Creating environment descriptor '/home/het/nexus_ws/install/web_dashboard/share/web_dashboard/hook/path.dsv'
[1.214s] INFO:colcon.colcon_core.shell:Creating environment hook '/home/het/nexus_ws/install/web_dashboard/share/web_dashboard/hook/path.sh'
[1.214s] Level 1:colcon.colcon_core.environment:checking '/home/het/nexus_ws/install/web_dashboard/lib/pkgconfig/web_dashboard.pc'
[1.215s] Level 1:colcon.colcon_core.environment:checking '/home/het/nexus_ws/install/web_dashboard/lib/python3.10/site-packages'
[1.215s] Level 1:colcon.colcon_core.shell:create_environment_hook('web_dashboard', 'pythonpath')
[1.215s] INFO:colcon.colcon_core.shell:Creating environment hook '/home/het/nexus_ws/install/web_dashboard/share/web_dashboard/hook/pythonpath.ps1'
[1.215s] INFO:colcon.colcon_core.shell:Creating environment descriptor '/home/het/nexus_ws/install/web_dashboard/share/web_dashboard/hook/pythonpath.dsv'
[1.215s] INFO:colcon.colcon_core.shell:Creating environment hook '/home/het/nexus_ws/install/web_dashboard/share/web_dashboard/hook/pythonpath.sh'
[1.215s] Level 1:colcon.colcon_core.environment:checking '/home/het/nexus_ws/install/web_dashboard/bin'
[1.216s] Level 1:colcon.colcon_core.shell:create_environment_hook('web_dashboard', 'pythonscriptspath')
[1.216s] INFO:colcon.colcon_core.shell:Creating environment hook '/home/het/nexus_ws/install/web_dashboard/share/web_dashboard/hook/pythonscriptspath.ps1'
[1.216s] INFO:colcon.colcon_core.shell:Creating environment descriptor '/home/het/nexus_ws/install/web_dashboard/share/web_dashboard/hook/pythonscriptspath.dsv'
[1.216s] INFO:colcon.colcon_core.shell:Creating environment hook '/home/het/nexus_ws/install/web_dashboard/share/web_dashboard/hook/pythonscriptspath.sh'
[1.216s] Level 1:colcon.colcon_core.environment:create_environment_scripts_only(web_dashboard)
[1.216s] INFO:colcon.colcon_core.shell:Creating package script '/home/het/nexus_ws/install/web_dashboard/share/web_dashboard/package.ps1'
[1.217s] INFO:colcon.colcon_core.shell:Creating package descriptor '/home/het/nexus_ws/install/web_dashboard/share/web_dashboard/package.dsv'
[1.218s] INFO:colcon.colcon_core.shell:Creating package script '/home/het/nexus_ws/install/web_dashboard/share/web_dashboard/package.sh'
[1.218s] INFO:colcon.colcon_core.shell:Creating package script '/home/het/nexus_ws/install/web_dashboard/share/web_dashboard/package.bash'
[1.219s] INFO:colcon.colcon_core.shell:Creating package script '/home/het/nexus_ws/install/web_dashboard/share/web_dashboard/package.zsh'
[1.220s] Level 1:colcon.colcon_core.environment:create_file_with_runtime_dependencies(/home/het/nexus_ws/install/web_dashboard/share/colcon-core/packages/web_dashboard)
[1.221s] Level 1:colcon.colcon_core.environment:checking '/home/het/nexus_ws/install/mission_controller' for CMake module files
[1.221s] DEBUG:colcon.colcon_core.event_handler.log_command:Invoked command in '/home/het/nexus_ws/src/mission_controller' returned '0': PYTHONPATH=/home/het/nexus_ws/build/mission_controller/prefix_override:/usr/lib/python3/dist-packages/colcon_core/task/python/colcon_distutils_commands:/home/het/nexus_ws/install/mission_controller/lib/python3.10/site-packages:${PYTHONPATH} /usr/bin/python3 -W ignore:setup.py install is deprecated -W ignore:easy_install command is deprecated setup.py egg_info --egg-base ../../build/mission_controller build --build-base /home/het/nexus_ws/build/mission_controller/build install --record /home/het/nexus_ws/build/mission_controller/install.log --single-version-externally-managed
[1.222s] Level 1:colcon.colcon_core.environment:checking '/home/het/nexus_ws/install/mission_controller' for CMake config files
[1.222s] Level 1:colcon.colcon_core.environment:checking '/home/het/nexus_ws/install/mission_controller/lib'
[1.222s] Level 1:colcon.colcon_core.environment:checking '/home/het/nexus_ws/install/mission_controller/bin'
[1.222s] Level 1:colcon.colcon_core.shell:create_environment_hook('mission_controller', 'path')
[1.223s] INFO:colcon.colcon_core.shell:Creating environment hook '/home/het/nexus_ws/install/mission_controller/share/mission_controller/hook/path.ps1'
[1.223s] INFO:colcon.colcon_core.shell:Creating environment descriptor '/home/het/nexus_ws/install/mission_controller/share/mission_controller/hook/path.dsv'
[1.223s] INFO:colcon.colcon_core.shell:Creating environment hook '/home/het/nexus_ws/install/mission_controller/share/mission_controller/hook/path.sh'
[1.224s] Level 1:colcon.colcon_core.environment:checking '/home/het/nexus_ws/install/mission_controller/lib/pkgconfig/mission_controller.pc'
[1.224s] Level 1:colcon.colcon_core.environment:checking '/home/het/nexus_ws/install/mission_controller/lib/python3.10/site-packages'
[1.224s] Level 1:colcon.colcon_core.shell:create_environment_hook('mission_controller', 'pythonpath')
[1.224s] INFO:colcon.colcon_core.shell:Creating environment hook '/home/het/nexus_ws/install/mission_controller/share/mission_controller/hook/pythonpath.ps1'
[1.225s] INFO:colcon.colcon_core.shell:Creating environment descriptor '/home/het/nexus_ws/install/mission_controller/share/mission_controller/hook/pythonpath.dsv'
[1.225s] INFO:colcon.colcon_core.shell:Creating environment hook '/home/het/nexus_ws/install/mission_controller/share/mission_controller/hook/pythonpath.sh'
[1.225s] Level 1:colcon.colcon_core.environment:checking '/home/het/nexus_ws/install/mission_controller/bin'
[1.225s] Level 1:colcon.colcon_core.shell:create_environment_hook('mission_controller', 'pythonscriptspath')
[1.225s] INFO:colcon.colcon_core.shell:Creating environment hook '/home/het/nexus_ws/install/mission_controller/share/mission_controller/hook/pythonscriptspath.ps1'
[1.226s] INFO:colcon.colcon_core.shell:Creating environment descriptor '/home/het/nexus_ws/install/mission_controller/share/mission_controller/hook/pythonscriptspath.dsv'
[1.226s] INFO:colcon.colcon_core.shell:Creating environment hook '/home/het/nexus_ws/install/mission_controller/share/mission_controller/hook/pythonscriptspath.sh'
[1.226s] Level 1:colcon.colcon_core.environment:create_environment_scripts_only(mission_controller)
[1.226s] INFO:colcon.colcon_core.shell:Creating package script '/home/het/nexus_ws/install/mission_controller/share/mission_controller/package.ps1'
[1.227s] INFO:colcon.colcon_core.shell:Creating package descriptor '/home/het/nexus_ws/install/mission_controller/share/mission_controller/package.dsv'
[1.227s] INFO:colcon.colcon_core.shell:Creating package script '/home/het/nexus_ws/install/mission_controller/share/mission_controller/package.sh'
[1.227s] INFO:colcon.colcon_core.shell:Creating package script '/home/het/nexus_ws/install/mission_controller/share/mission_controller/package.bash'
[1.227s] INFO:colcon.colcon_core.shell:Creating package script '/home/het/nexus_ws/install/mission_controller/share/mission_controller/package.zsh'
[1.227s] Level 1:colcon.colcon_core.environment:create_file_with_runtime_dependencies(/home/het/nexus_ws/install/mission_controller/share/colcon-core/packages/mission_controller)
[1.228s] DEBUG:colcon.colcon_parallel_executor.executor.parallel:closing loop
[1.228s] DEBUG:colcon.colcon_parallel_executor.executor.parallel:loop closed
[1.228s] DEBUG:colcon.colcon_parallel_executor.executor.parallel:run_until_complete finished with '0'
[1.228s] DEBUG:colcon.colcon_core.event_reactor:joining thread
[1.232s] INFO:colcon.colcon_core.plugin_system:Skipping extension 'colcon_notification.desktop_notification.terminal_notifier': Not used on non-Darwin systems
[1.232s] INFO:colcon.colcon_core.plugin_system:Skipping extension 'colcon_notification.desktop_notification.win32': Not used on non-Windows systems
[1.232s] INFO:colcon.colcon_notification.desktop_notification:Sending desktop notification using 'notify2'
[1.243s] DEBUG:colcon.colcon_core.event_reactor:joined thread
[1.243s] INFO:colcon.colcon_core.shell:Creating prefix script '/home/het/nexus_ws/install/local_setup.ps1'
[1.244s] INFO:colcon.colcon_core.shell:Creating prefix util module '/home/het/nexus_ws/install/_local_setup_util_ps1.py'
[1.246s] INFO:colcon.colcon_core.shell:Creating prefix chain script '/home/het/nexus_ws/install/setup.ps1'
[1.247s] INFO:colcon.colcon_core.shell:Creating prefix script '/home/het/nexus_ws/install/local_setup.sh'
[1.248s] INFO:colcon.colcon_core.shell:Creating prefix util module '/home/het/nexus_ws/install/_local_setup_util_sh.py'
[1.248s] INFO:colcon.colcon_core.shell:Creating prefix chain script '/home/het/nexus_ws/install/setup.sh'
[1.249s] INFO:colcon.colcon_core.shell:Creating prefix script '/home/het/nexus_ws/install/local_setup.bash'
[1.250s] INFO:colcon.colcon_core.shell:Creating prefix chain script '/home/het/nexus_ws/install/setup.bash'
[1.251s] INFO:colcon.colcon_core.shell:Creating prefix script '/home/het/nexus_ws/install/local_setup.zsh'
[1.251s] INFO:colcon.colcon_core.shell:Creating prefix chain script '/home/het/nexus_ws/install/setup.zsh'
