running egg_info
writing ../../build/web_dashboard/web_dashboard.egg-info/PKG-INFO
writing dependency_links to ../../build/web_dashboard/web_dashboard.egg-info/dependency_links.txt
writing entry points to ../../build/web_dashboard/web_dashboard.egg-info/entry_points.txt
writing requirements to ../../build/web_dashboard/web_dashboard.egg-info/requires.txt
writing top-level names to ../../build/web_dashboard/web_dashboard.egg-info/top_level.txt
reading manifest file '../../build/web_dashboard/web_dashboard.egg-info/SOURCES.txt'
writing manifest file '../../build/web_dashboard/web_dashboard.egg-info/SOURCES.txt'
running build
running build_py
creating /home/het/nexus_ws/build/web_dashboard/build
creating /home/het/nexus_ws/build/web_dashboard/build/lib
creating /home/het/nexus_ws/build/web_dashboard/build/lib/web_dashboard
copying web_dashboard/__init__.py -> /home/het/nexus_ws/build/web_dashboard/build/lib/web_dashboard
copying web_dashboard/web_server.py -> /home/het/nexus_ws/build/web_dashboard/build/lib/web_dashboard
running install
running install_lib
creating /home/het/nexus_ws/install/web_dashboard/lib/python3.10/site-packages/web_dashboard
copying /home/het/nexus_ws/build/web_dashboard/build/lib/web_dashboard/__init__.py -> /home/het/nexus_ws/install/web_dashboard/lib/python3.10/site-packages/web_dashboard
copying /home/het/nexus_ws/build/web_dashboard/build/lib/web_dashboard/web_server.py -> /home/het/nexus_ws/install/web_dashboard/lib/python3.10/site-packages/web_dashboard
byte-compiling /home/het/nexus_ws/install/web_dashboard/lib/python3.10/site-packages/web_dashboard/__init__.py to __init__.cpython-310.pyc
byte-compiling /home/het/nexus_ws/install/web_dashboard/lib/python3.10/site-packages/web_dashboard/web_server.py to web_server.cpython-310.pyc
running install_data
copying resource/web_dashboard -> /home/het/nexus_ws/install/web_dashboard/share/ament_index/resource_index
copying package.xml -> /home/het/nexus_ws/install/web_dashboard/share/web_dashboard
running install_egg_info
removing '/home/het/nexus_ws/install/web_dashboard/lib/python3.10/site-packages/web_dashboard-2.0.0-py3.10.egg-info' (and everything under it)
Copying ../../build/web_dashboard/web_dashboard.egg-info to /home/het/nexus_ws/install/web_dashboard/lib/python3.10/site-packages/web_dashboard-2.0.0-py3.10.egg-info
running install_scripts
Installing web_server script to /home/het/nexus_ws/install/web_dashboard/bin
writing list of installed files to '/home/het/nexus_ws/build/web_dashboard/install.log'
