running egg_info
creating ../../build/mission_controller/mission_controller.egg-info
writing ../../build/mission_controller/mission_controller.egg-info/PKG-INFO
writing dependency_links to ../../build/mission_controller/mission_controller.egg-info/dependency_links.txt
writing entry points to ../../build/mission_controller/mission_controller.egg-info/entry_points.txt
writing top-level names to ../../build/mission_controller/mission_controller.egg-info/top_level.txt
writing manifest file '../../build/mission_controller/mission_controller.egg-info/SOURCES.txt'
reading manifest file '../../build/mission_controller/mission_controller.egg-info/SOURCES.txt'
writing manifest file '../../build/mission_controller/mission_controller.egg-info/SOURCES.txt'
running build
running build_py
creating /home/het/nexus_ws/build/mission_controller/build
creating /home/het/nexus_ws/build/mission_controller/build/lib
creating /home/het/nexus_ws/build/mission_controller/build/lib/mission_controller
copying mission_controller/__init__.py -> /home/het/nexus_ws/build/mission_controller/build/lib/mission_controller
copying mission_controller/mission_node.py -> /home/het/nexus_ws/build/mission_controller/build/lib/mission_controller
running install
running install_lib
creating /home/het/nexus_ws/install/mission_controller/lib/python3.10/site-packages/mission_controller
copying /home/het/nexus_ws/build/mission_controller/build/lib/mission_controller/__init__.py -> /home/het/nexus_ws/install/mission_controller/lib/python3.10/site-packages/mission_controller
copying /home/het/nexus_ws/build/mission_controller/build/lib/mission_controller/mission_node.py -> /home/het/nexus_ws/install/mission_controller/lib/python3.10/site-packages/mission_controller
byte-compiling /home/het/nexus_ws/install/mission_controller/lib/python3.10/site-packages/mission_controller/__init__.py to __init__.cpython-310.pyc
byte-compiling /home/het/nexus_ws/install/mission_controller/lib/python3.10/site-packages/mission_controller/mission_node.py to mission_node.cpython-310.pyc
running install_egg_info
Copying ../../build/mission_controller/mission_controller.egg-info to /home/het/nexus_ws/install/mission_controller/lib/python3.10/site-packages/mission_controller-2.0.0-py3.10.egg-info
running install_scripts
Installing mission_node script to /home/het/nexus_ws/install/mission_controller/bin
writing list of installed files to '/home/het/nexus_ws/build/mission_controller/install.log'
