[0.649s] Invoking command in '/home/het/nexus_ws/src/web_dashboard': PYTHONPATH=/home/het/nexus_ws/build/web_dashboard/prefix_override:/usr/lib/python3/dist-packages/colcon_core/task/python/colcon_distutils_commands:/home/het/nexus_ws/install/web_dashboard/lib/python3.10/site-packages:${PYTHONPATH} /usr/bin/python3 -W ignore:setup.py install is deprecated -W ignore:easy_install command is deprecated setup.py egg_info --egg-base ../../build/web_dashboard build --build-base /home/het/nexus_ws/build/web_dashboard/build install --record /home/het/nexus_ws/build/web_dashboard/install.log --single-version-externally-managed install_data
[0.808s] running egg_info
[0.808s] creating ../../build/web_dashboard/web_dashboard.egg-info
[0.808s] writing ../../build/web_dashboard/web_dashboard.egg-info/PKG-INFO
[0.808s] writing dependency_links to ../../build/web_dashboard/web_dashboard.egg-info/dependency_links.txt
[0.809s] writing entry points to ../../build/web_dashboard/web_dashboard.egg-info/entry_points.txt
[0.809s] writing requirements to ../../build/web_dashboard/web_dashboard.egg-info/requires.txt
[0.809s] writing top-level names to ../../build/web_dashboard/web_dashboard.egg-info/top_level.txt
[0.809s] writing manifest file '../../build/web_dashboard/web_dashboard.egg-info/SOURCES.txt'
[0.809s] reading manifest file '../../build/web_dashboard/web_dashboard.egg-info/SOURCES.txt'
[0.810s] writing manifest file '../../build/web_dashboard/web_dashboard.egg-info/SOURCES.txt'
[0.810s] running build
[0.810s] running install
[0.810s] running install_data
[0.810s] copying resource/web_dashboard -> /home/het/nexus_ws/install/web_dashboard/share/ament_index/resource_index
[0.810s] copying package.xml -> /home/het/nexus_ws/install/web_dashboard/share/web_dashboard
[0.810s] running install_egg_info
[0.812s] Copying ../../build/web_dashboard/web_dashboard.egg-info to /home/het/nexus_ws/install/web_dashboard/lib/python3.10/site-packages/web_dashboard-2.0.0-py3.10.egg-info
[0.812s] running install_scripts
[0.827s] Installing web_server script to /home/het/nexus_ws/install/web_dashboard/bin
[0.827s] writing list of installed files to '/home/het/nexus_ws/build/web_dashboard/install.log'
[0.844s] Invoked command in '/home/het/nexus_ws/src/web_dashboard' returned '0': PYTHONPATH=/home/het/nexus_ws/build/web_dashboard/prefix_override:/usr/lib/python3/dist-packages/colcon_core/task/python/colcon_distutils_commands:/home/het/nexus_ws/install/web_dashboard/lib/python3.10/site-packages:${PYTHONPATH} /usr/bin/python3 -W ignore:setup.py install is deprecated -W ignore:easy_install command is deprecated setup.py egg_info --egg-base ../../build/web_dashboard build --build-base /home/het/nexus_ws/build/web_dashboard/build install --record /home/het/nexus_ws/build/web_dashboard/install.log --single-version-externally-managed install_data
