running egg_info
writing ../../build/mission_controller/mission_controller.egg-info/PKG-INFO
writing dependency_links to ../../build/mission_controller/mission_controller.egg-info/dependency_links.txt
writing entry points to ../../build/mission_controller/mission_controller.egg-info/entry_points.txt
writing requirements to ../../build/mission_controller/mission_controller.egg-info/requires.txt
writing top-level names to ../../build/mission_controller/mission_controller.egg-info/top_level.txt
reading manifest file '../../build/mission_controller/mission_controller.egg-info/SOURCES.txt'
writing manifest file '../../build/mission_controller/mission_controller.egg-info/SOURCES.txt'
running build
running build_py
copying mission_controller/mission_node.py -> /home/het/nexus_ws/build/mission_controller/build/lib/mission_controller
running install
running install_lib
copying /home/het/nexus_ws/build/mission_controller/build/lib/mission_controller/mission_node.py -> /home/het/nexus_ws/install/mission_controller/lib/python3.10/site-packages/mission_controller
byte-compiling /home/het/nexus_ws/install/mission_controller/lib/python3.10/site-packages/mission_controller/mission_node.py to mission_node.cpython-310.pyc
running install_data
running install_egg_info
removing '/home/het/nexus_ws/install/mission_controller/lib/python3.10/site-packages/mission_controller-2.0.0-py3.10.egg-info' (and everything under it)
Copying ../../build/mission_controller/mission_controller.egg-info to /home/het/nexus_ws/install/mission_controller/lib/python3.10/site-packages/mission_controller-2.0.0-py3.10.egg-info
running install_scripts
Installing mission_node script to /home/het/nexus_ws/install/mission_controller/bin
writing list of installed files to '/home/het/nexus_ws/build/mission_controller/install.log'
