[0.518s] Invoking command in '/home/het/nexus_ws/src/web_dashboard': PYTHONPATH=/home/het/nexus_ws/build/web_dashboard/prefix_override:/usr/lib/python3/dist-packages/colcon_core/task/python/colcon_distutils_commands:/home/het/nexus_ws/install/web_dashboard/lib/python3.10/site-packages:${PYTHONPATH} /usr/bin/python3 -W ignore:setup.py install is deprecated -W ignore:easy_install command is deprecated setup.py egg_info --egg-base ../../build/web_dashboard build --build-base /home/het/nexus_ws/build/web_dashboard/build install --record /home/het/nexus_ws/build/web_dashboard/install.log --single-version-externally-managed install_data
[0.654s] running egg_info
[0.654s] writing ../../build/web_dashboard/web_dashboard.egg-info/PKG-INFO
[0.654s] writing dependency_links to ../../build/web_dashboard/web_dashboard.egg-info/dependency_links.txt
[0.654s] writing entry points to ../../build/web_dashboard/web_dashboard.egg-info/entry_points.txt
[0.654s] writing requirements to ../../build/web_dashboard/web_dashboard.egg-info/requires.txt
[0.655s] writing top-level names to ../../build/web_dashboard/web_dashboard.egg-info/top_level.txt
[0.655s] reading manifest file '../../build/web_dashboard/web_dashboard.egg-info/SOURCES.txt'
[0.656s] writing manifest file '../../build/web_dashboard/web_dashboard.egg-info/SOURCES.txt'
[0.656s] running build
[0.656s] running build_py
[0.656s] running install
[0.656s] running install_lib
[0.657s] running install_data
[0.657s] running install_egg_info
[0.658s] removing '/home/het/nexus_ws/install/web_dashboard/lib/python3.10/site-packages/web_dashboard-2.0.0-py3.10.egg-info' (and everything under it)
[0.658s] Copying ../../build/web_dashboard/web_dashboard.egg-info to /home/het/nexus_ws/install/web_dashboard/lib/python3.10/site-packages/web_dashboard-2.0.0-py3.10.egg-info
[0.658s] running install_scripts
[0.671s] Installing web_server script to /home/het/nexus_ws/install/web_dashboard/bin
[0.671s] writing list of installed files to '/home/het/nexus_ws/build/web_dashboard/install.log'
[0.686s] Invoked command in '/home/het/nexus_ws/src/web_dashboard' returned '0': PYTHONPATH=/home/het/nexus_ws/build/web_dashboard/prefix_override:/usr/lib/python3/dist-packages/colcon_core/task/python/colcon_distutils_commands:/home/het/nexus_ws/install/web_dashboard/lib/python3.10/site-packages:${PYTHONPATH} /usr/bin/python3 -W ignore:setup.py install is deprecated -W ignore:easy_install command is deprecated setup.py egg_info --egg-base ../../build/web_dashboard build --build-base /home/het/nexus_ws/build/web_dashboard/build install --record /home/het/nexus_ws/build/web_dashboard/install.log --single-version-externally-managed install_data
