[0.057s] DEBUG:colcon:Command line arguments: ['/usr/bin/colcon', 'build', '--packages-select', 'web_dashboard', 'mission_controller']
[0.058s] DEBUG:colcon:Parsed command line arguments: Namespace(log_base=None, log_level=None, verb_name='build', build_base='build', install_base='install', merge_install=False, symlink_install=False, test_result_base=None, continue_on_error=False, executor='parallel', parallel_workers=16, event_handlers=None, ignore_user_meta=False, metas=['./colcon.meta'], base_paths=['.'], packages_ignore=None, packages_ignore_regex=None, paths=None, packages_up_to=None, packages_up_to_regex=None, packages_above=None, packages_above_and_dependencies=None, packages_above_depth=None, packages_select_by_dep=None, packages_skip_by_dep=None, packages_skip_up_to=None, packages_select_build_failed=False, packages_skip_build_finished=False, packages_select_test_failures=False, packages_skip_test_passed=False, packages_select=['web_dashboard', 'mission_controller'], packages_skip=None, packages_select_regex=None, packages_skip_regex=None, packages_start=None, packages_end=None, allow_overriding=[], cmake_args=None, cmake_target=None, cmake_target_skip_unavailable=False, cmake_clean_cache=False, cmake_clean_first=False, cmake_force_configure=False, ament_cmake_args=None, catkin_cmake_args=None, catkin_skip_building_tests=False, mixin_files=None, mixin=None, verb_parser=<colcon_mixin.mixin.mixin_argument.MixinArgumentDecorator object at 0x7c486a167f40>, verb_extension=<colcon_core.verb.build.BuildVerb object at 0x7c486a167970>, main=<bound method BuildVerb.main of <colcon_core.verb.build.BuildVerb object at 0x7c486a167970>>, mixin_verb=('build',))
[0.146s] Level 1:colcon.colcon_core.package_discovery:discover_packages(colcon_meta) check parameters
[0.146s] Level 1:colcon.colcon_core.package_discovery:discover_packages(recursive) check parameters
[0.146s] Level 1:colcon.colcon_core.package_discovery:discover_packages(ignore) check parameters
[0.146s] Level 1:colcon.colcon_core.package_discovery:discover_packages(path) check parameters
[0.146s] Level 1:colcon.colcon_core.package_discovery:discover_packages(colcon_meta) discover
[0.146s] Level 1:colcon.colcon_core.package_discovery:discover_packages(recursive) discover
[0.146s] INFO:colcon.colcon_core.package_discovery:Crawling recursively for packages in '/home/het/nexus_ws'
[0.146s] Level 1:colcon.colcon_core.package_identification:_identify(.) by extensions ['ignore', 'ignore_ament_install']
[0.147s] Level 1:colcon.colcon_core.package_identification:_identify(.) by extension 'ignore'
[0.147s] Level 1:colcon.colcon_core.package_identification:_identify(.) by extension 'ignore_ament_install'
[0.147s] Level 1:colcon.colcon_core.package_identification:_identify(.) by extensions ['colcon_pkg']
[0.147s] Level 1:colcon.colcon_core.package_identification:_identify(.) by extension 'colcon_pkg'
[0.147s] Level 1:colcon.colcon_core.package_identification:_identify(.) by extensions ['colcon_meta']
[0.147s] Level 1:colcon.colcon_core.package_identification:_identify(.) by extension 'colcon_meta'
[0.147s] Level 1:colcon.colcon_core.package_identification:_identify(.) by extensions ['ros']
[0.147s] Level 1:colcon.colcon_core.package_identification:_identify(.) by extension 'ros'
[0.167s] Level 1:colcon.colcon_core.package_identification:_identify(.) by extensions ['cmake', 'python']
[0.167s] Level 1:colcon.colcon_core.package_identification:_identify(.) by extension 'cmake'
[0.167s] Level 1:colcon.colcon_core.package_identification:_identify(.) by extension 'python'
[0.167s] Level 1:colcon.colcon_core.package_identification:_identify(.) by extensions ['python_setup_py']
[0.167s] Level 1:colcon.colcon_core.package_identification:_identify(.) by extension 'python_setup_py'
[0.168s] Level 1:colcon.colcon_core.package_identification:_identify(build) by extensions ['ignore', 'ignore_ament_install']
[0.168s] Level 1:colcon.colcon_core.package_identification:_identify(build) by extension 'ignore'
[0.168s] Level 1:colcon.colcon_core.package_identification:_identify(build) ignored
[0.168s] Level 1:colcon.colcon_core.package_identification:_identify(install) by extensions ['ignore', 'ignore_ament_install']
[0.168s] Level 1:colcon.colcon_core.package_identification:_identify(install) by extension 'ignore'
[0.168s] Level 1:colcon.colcon_core.package_identification:_identify(install) ignored
[0.168s] Level 1:colcon.colcon_core.package_identification:_identify(log) by extensions ['ignore', 'ignore_ament_install']
[0.168s] Level 1:colcon.colcon_core.package_identification:_identify(log) by extension 'ignore'
[0.168s] Level 1:colcon.colcon_core.package_identification:_identify(log) ignored
[0.168s] Level 1:colcon.colcon_core.package_identification:_identify(src) by extensions ['ignore', 'ignore_ament_install']
[0.168s] Level 1:colcon.colcon_core.package_identification:_identify(src) by extension 'ignore'
[0.168s] Level 1:colcon.colcon_core.package_identification:_identify(src) by extension 'ignore_ament_install'
[0.168s] Level 1:colcon.colcon_core.package_identification:_identify(src) by extensions ['colcon_pkg']
[0.168s] Level 1:colcon.colcon_core.package_identification:_identify(src) by extension 'colcon_pkg'
[0.168s] Level 1:colcon.colcon_core.package_identification:_identify(src) by extensions ['colcon_meta']
[0.168s] Level 1:colcon.colcon_core.package_identification:_identify(src) by extension 'colcon_meta'
[0.168s] Level 1:colcon.colcon_core.package_identification:_identify(src) by extensions ['ros']
[0.168s] Level 1:colcon.colcon_core.package_identification:_identify(src) by extension 'ros'
[0.168s] Level 1:colcon.colcon_core.package_identification:_identify(src) by extensions ['cmake', 'python']
[0.168s] Level 1:colcon.colcon_core.package_identification:_identify(src) by extension 'cmake'
[0.168s] Level 1:colcon.colcon_core.package_identification:_identify(src) by extension 'python'
[0.168s] Level 1:colcon.colcon_core.package_identification:_identify(src) by extensions ['python_setup_py']
[0.168s] Level 1:colcon.colcon_core.package_identification:_identify(src) by extension 'python_setup_py'
[0.168s] Level 1:colcon.colcon_core.package_identification:_identify(src/mission_controller) by extensions ['ignore', 'ignore_ament_install']
[0.168s] Level 1:colcon.colcon_core.package_identification:_identify(src/mission_controller) by extension 'ignore'
[0.168s] Level 1:colcon.colcon_core.package_identification:_identify(src/mission_controller) by extension 'ignore_ament_install'
[0.168s] Level 1:colcon.colcon_core.package_identification:_identify(src/mission_controller) by extensions ['colcon_pkg']
[0.168s] Level 1:colcon.colcon_core.package_identification:_identify(src/mission_controller) by extension 'colcon_pkg'
[0.168s] Level 1:colcon.colcon_core.package_identification:_identify(src/mission_controller) by extensions ['colcon_meta']
[0.168s] Level 1:colcon.colcon_core.package_identification:_identify(src/mission_controller) by extension 'colcon_meta'
[0.168s] Level 1:colcon.colcon_core.package_identification:_identify(src/mission_controller) by extensions ['ros']
[0.168s] Level 1:colcon.colcon_core.package_identification:_identify(src/mission_controller) by extension 'ros'
[0.170s] DEBUG:colcon.colcon_core.package_identification:Package 'src/mission_controller' with type 'ros.ament_python' and name 'mission_controller'
[0.170s] Level 1:colcon.colcon_core.package_identification:_identify(src/web_dashboard) by extensions ['ignore', 'ignore_ament_install']
[0.170s] Level 1:colcon.colcon_core.package_identification:_identify(src/web_dashboard) by extension 'ignore'
[0.170s] Level 1:colcon.colcon_core.package_identification:_identify(src/web_dashboard) by extension 'ignore_ament_install'
[0.170s] Level 1:colcon.colcon_core.package_identification:_identify(src/web_dashboard) by extensions ['colcon_pkg']
[0.170s] Level 1:colcon.colcon_core.package_identification:_identify(src/web_dashboard) by extension 'colcon_pkg'
[0.170s] Level 1:colcon.colcon_core.package_identification:_identify(src/web_dashboard) by extensions ['colcon_meta']
[0.170s] Level 1:colcon.colcon_core.package_identification:_identify(src/web_dashboard) by extension 'colcon_meta'
[0.170s] Level 1:colcon.colcon_core.package_identification:_identify(src/web_dashboard) by extensions ['ros']
[0.170s] Level 1:colcon.colcon_core.package_identification:_identify(src/web_dashboard) by extension 'ros'
[0.170s] DEBUG:colcon.colcon_core.package_identification:Package 'src/web_dashboard' with type 'ros.ament_python' and name 'web_dashboard'
[0.170s] Level 1:colcon.colcon_core.package_discovery:discover_packages(recursive) using defaults
[0.170s] Level 1:colcon.colcon_core.package_discovery:discover_packages(ignore) discover
[0.170s] Level 1:colcon.colcon_core.package_discovery:discover_packages(ignore) using defaults
[0.170s] Level 1:colcon.colcon_core.package_discovery:discover_packages(path) discover
[0.170s] Level 1:colcon.colcon_core.package_discovery:discover_packages(path) using defaults
[0.181s] Level 1:colcon.colcon_core.package_discovery:discover_packages(prefix_path) check parameters
[0.181s] Level 1:colcon.colcon_core.package_discovery:discover_packages(prefix_path) discover
[0.182s] DEBUG:colcon.colcon_installed_package_information.package_discovery:Found 2 installed packages in /home/het/nexus_ws/install
[0.183s] DEBUG:colcon.colcon_installed_package_information.package_discovery:Found 423 installed packages in /opt/ros/humble
[0.184s] Level 1:colcon.colcon_core.package_discovery:discover_packages(prefix_path) using defaults
[0.208s] Level 5:colcon.colcon_core.verb:set package 'mission_controller' build argument 'cmake_args' from command line to 'None'
[0.208s] Level 5:colcon.colcon_core.verb:set package 'mission_controller' build argument 'cmake_target' from command line to 'None'
[0.208s] Level 5:colcon.colcon_core.verb:set package 'mission_controller' build argument 'cmake_target_skip_unavailable' from command line to 'False'
[0.208s] Level 5:colcon.colcon_core.verb:set package 'mission_controller' build argument 'cmake_clean_cache' from command line to 'False'
[0.208s] Level 5:colcon.colcon_core.verb:set package 'mission_controller' build argument 'cmake_clean_first' from command line to 'False'
[0.208s] Level 5:colcon.colcon_core.verb:set package 'mission_controller' build argument 'cmake_force_configure' from command line to 'False'
[0.208s] Level 5:colcon.colcon_core.verb:set package 'mission_controller' build argument 'ament_cmake_args' from command line to 'None'
[0.208s] Level 5:colcon.colcon_core.verb:set package 'mission_controller' build argument 'catkin_cmake_args' from command line to 'None'
[0.208s] Level 5:colcon.colcon_core.verb:set package 'mission_controller' build argument 'catkin_skip_building_tests' from command line to 'False'
[0.208s] DEBUG:colcon.colcon_core.verb:Building package 'mission_controller' with the following arguments: {'ament_cmake_args': None, 'build_base': '/home/het/nexus_ws/build/mission_controller', 'catkin_cmake_args': None, 'catkin_skip_building_tests': False, 'cmake_args': None, 'cmake_clean_cache': False, 'cmake_clean_first': False, 'cmake_force_configure': False, 'cmake_target': None, 'cmake_target_skip_unavailable': False, 'install_base': '/home/het/nexus_ws/install/mission_controller', 'merge_install': False, 'path': '/home/het/nexus_ws/src/mission_controller', 'symlink_install': False, 'test_result_base': None}
[0.208s] Level 5:colcon.colcon_core.verb:set package 'web_dashboard' build argument 'cmake_args' from command line to 'None'
[0.209s] Level 5:colcon.colcon_core.verb:set package 'web_dashboard' build argument 'cmake_target' from command line to 'None'
[0.209s] Level 5:colcon.colcon_core.verb:set package 'web_dashboard' build argument 'cmake_target_skip_unavailable' from command line to 'False'
[0.209s] Level 5:colcon.colcon_core.verb:set package 'web_dashboard' build argument 'cmake_clean_cache' from command line to 'False'
[0.209s] Level 5:colcon.colcon_core.verb:set package 'web_dashboard' build argument 'cmake_clean_first' from command line to 'False'
[0.209s] Level 5:colcon.colcon_core.verb:set package 'web_dashboard' build argument 'cmake_force_configure' from command line to 'False'
[0.209s] Level 5:colcon.colcon_core.verb:set package 'web_dashboard' build argument 'ament_cmake_args' from command line to 'None'
[0.209s] Level 5:colcon.colcon_core.verb:set package 'web_dashboard' build argument 'catkin_cmake_args' from command line to 'None'
[0.209s] Level 5:colcon.colcon_core.verb:set package 'web_dashboard' build argument 'catkin_skip_building_tests' from command line to 'False'
[0.209s] DEBUG:colcon.colcon_core.verb:Building package 'web_dashboard' with the following arguments: {'ament_cmake_args': None, 'build_base': '/home/het/nexus_ws/build/web_dashboard', 'catkin_cmake_args': None, 'catkin_skip_building_tests': False, 'cmake_args': None, 'cmake_clean_cache': False, 'cmake_clean_first': False, 'cmake_force_configure': False, 'cmake_target': None, 'cmake_target_skip_unavailable': False, 'install_base': '/home/het/nexus_ws/install/web_dashboard', 'merge_install': False, 'path': '/home/het/nexus_ws/src/web_dashboard', 'symlink_install': False, 'test_result_base': None}
[0.209s] INFO:colcon.colcon_core.executor:Executing jobs using 'parallel' executor
[0.209s] DEBUG:colcon.colcon_parallel_executor.executor.parallel:run_until_complete
[0.210s] INFO:colcon.colcon_ros.task.ament_python.build:Building ROS package in '/home/het/nexus_ws/src/mission_controller' with build type 'ament_python'
[0.210s] Level 1:colcon.colcon_core.shell:create_environment_hook('mission_controller', 'ament_prefix_path')
[0.211s] INFO:colcon.colcon_core.plugin_system:Skipping extension 'colcon_core.shell.bat': Not used on non-Windows systems
[0.211s] INFO:colcon.colcon_core.shell:Creating environment hook '/home/het/nexus_ws/install/mission_controller/share/mission_controller/hook/ament_prefix_path.ps1'
[0.211s] INFO:colcon.colcon_core.shell:Creating environment descriptor '/home/het/nexus_ws/install/mission_controller/share/mission_controller/hook/ament_prefix_path.dsv'
[0.211s] INFO:colcon.colcon_core.shell:Creating environment hook '/home/het/nexus_ws/install/mission_controller/share/mission_controller/hook/ament_prefix_path.sh'
[0.212s] INFO:colcon.colcon_core.shell:Skip shell extension 'powershell' for command environment: Not usable outside of PowerShell
[0.212s] DEBUG:colcon.colcon_core.shell:Skip shell extension 'dsv' for command environment
[0.214s] INFO:colcon.colcon_ros.task.ament_python.build:Building ROS package in '/home/het/nexus_ws/src/web_dashboard' with build type 'ament_python'
[0.214s] Level 1:colcon.colcon_core.shell:create_environment_hook('web_dashboard', 'ament_prefix_path')
[0.214s] INFO:colcon.colcon_core.shell:Creating environment hook '/home/het/nexus_ws/install/web_dashboard/share/web_dashboard/hook/ament_prefix_path.ps1'
[0.214s] INFO:colcon.colcon_core.shell:Creating environment descriptor '/home/het/nexus_ws/install/web_dashboard/share/web_dashboard/hook/ament_prefix_path.dsv'
[0.214s] INFO:colcon.colcon_core.shell:Creating environment hook '/home/het/nexus_ws/install/web_dashboard/share/web_dashboard/hook/ament_prefix_path.sh'
[0.214s] INFO:colcon.colcon_core.shell:Skip shell extension 'powershell' for command environment: Not usable outside of PowerShell
[0.214s] DEBUG:colcon.colcon_core.shell:Skip shell extension 'dsv' for command environment
[0.376s] WARNING:colcon.colcon_ros.task.ament_python.build:Package 'mission_controller' doesn't explicitly install a marker in the package index (colcon-ros currently does it implicitly but that fallback will be removed in the future)
[0.377s] INFO:colcon.colcon_core.task.python.build:Building Python package in '/home/het/nexus_ws/src/mission_controller'
[0.377s] INFO:colcon.colcon_core.shell:Skip shell extension 'powershell' for command environment: Not usable outside of PowerShell
[0.377s] DEBUG:colcon.colcon_core.shell:Skip shell extension 'dsv' for command environment
[0.521s] WARNING:colcon.colcon_ros.task.ament_python.build:Package 'web_dashboard' doesn't explicitly install a marker in the package index (colcon-ros currently does it implicitly but that fallback will be removed in the future)
[0.521s] INFO:colcon.colcon_core.task.python.build:Building Python package in '/home/het/nexus_ws/src/web_dashboard'
[0.521s] INFO:colcon.colcon_core.shell:Skip shell extension 'powershell' for command environment: Not usable outside of PowerShell
[0.521s] DEBUG:colcon.colcon_core.shell:Skip shell extension 'dsv' for command environment
[0.714s] DEBUG:colcon.colcon_core.task.python.build:Available setuptools commands: bdist_egg, rotate, sdist, install_scripts, test, easy_install, saveopts, upload_docs, bdist_wheel, clean, setopt, build_ext, install_headers, install_egg_info, bdist_dumb, init_catalog, alias, bdist, dist_info, bdist_rpm, install, build_py, build_scripts, check, symlink_data, build_clib, install_data, build, egg_info, compile_catalog, update_catalog, install_lib, register, extract_messages, upload, develop
[0.717s] DEBUG:colcon.colcon_core.task.python.build:Available setuptools commands: bdist_egg, rotate, sdist, install_scripts, test, easy_install, saveopts, upload_docs, bdist_wheel, clean, setopt, build_ext, install_headers, install_egg_info, bdist_dumb, init_catalog, alias, bdist, dist_info, bdist_rpm, install, build_py, build_scripts, check, symlink_data, build_clib, install_data, build, egg_info, compile_catalog, update_catalog, install_lib, register, extract_messages, upload, develop
[0.717s] DEBUG:colcon.colcon_core.event_handler.log_command:Invoking command in '/home/het/nexus_ws/src/mission_controller': PYTHONPATH=/home/het/nexus_ws/build/mission_controller/prefix_override:/usr/lib/python3/dist-packages/colcon_core/task/python/colcon_distutils_commands:/home/het/nexus_ws/install/mission_controller/lib/python3.10/site-packages:${PYTHONPATH} /usr/bin/python3 -W ignore:setup.py install is deprecated -W ignore:easy_install command is deprecated setup.py egg_info --egg-base ../../build/mission_controller build --build-base /home/het/nexus_ws/build/mission_controller/build install --record /home/het/nexus_ws/build/mission_controller/install.log --single-version-externally-managed install_data
[0.719s] DEBUG:colcon.colcon_core.event_handler.log_command:Invoking command in '/home/het/nexus_ws/src/web_dashboard': PYTHONPATH=/home/het/nexus_ws/build/web_dashboard/prefix_override:/usr/lib/python3/dist-packages/colcon_core/task/python/colcon_distutils_commands:/home/het/nexus_ws/install/web_dashboard/lib/python3.10/site-packages:${PYTHONPATH} /usr/bin/python3 -W ignore:setup.py install is deprecated -W ignore:easy_install command is deprecated setup.py egg_info --egg-base ../../build/web_dashboard build --build-base /home/het/nexus_ws/build/web_dashboard/build install --record /home/het/nexus_ws/build/web_dashboard/install.log --single-version-externally-managed install_data
[0.875s] DEBUG:colcon.colcon_core.event_handler.log_command:Invoked command in '/home/het/nexus_ws/src/mission_controller' returned '0': PYTHONPATH=/home/het/nexus_ws/build/mission_controller/prefix_override:/usr/lib/python3/dist-packages/colcon_core/task/python/colcon_distutils_commands:/home/het/nexus_ws/install/mission_controller/lib/python3.10/site-packages:${PYTHONPATH} /usr/bin/python3 -W ignore:setup.py install is deprecated -W ignore:easy_install command is deprecated setup.py egg_info --egg-base ../../build/mission_controller build --build-base /home/het/nexus_ws/build/mission_controller/build install --record /home/het/nexus_ws/build/mission_controller/install.log --single-version-externally-managed install_data
[0.876s] Level 1:colcon.colcon_core.environment:checking '/home/het/nexus_ws/install/mission_controller' for CMake module files
[0.877s] Level 1:colcon.colcon_core.environment:checking '/home/het/nexus_ws/install/mission_controller' for CMake config files
[0.877s] Level 1:colcon.colcon_core.environment:checking '/home/het/nexus_ws/install/mission_controller/lib'
[0.877s] Level 1:colcon.colcon_core.environment:checking '/home/het/nexus_ws/install/mission_controller/bin'
[0.878s] Level 1:colcon.colcon_core.shell:create_environment_hook('mission_controller', 'path')
[0.878s] INFO:colcon.colcon_core.shell:Creating environment hook '/home/het/nexus_ws/install/mission_controller/share/mission_controller/hook/path.ps1'
[0.878s] INFO:colcon.colcon_core.shell:Creating environment descriptor '/home/het/nexus_ws/install/mission_controller/share/mission_controller/hook/path.dsv'
[0.878s] INFO:colcon.colcon_core.shell:Creating environment hook '/home/het/nexus_ws/install/mission_controller/share/mission_controller/hook/path.sh'
[0.879s] Level 1:colcon.colcon_core.environment:checking '/home/het/nexus_ws/install/mission_controller/lib/pkgconfig/mission_controller.pc'
[0.879s] Level 1:colcon.colcon_core.environment:checking '/home/het/nexus_ws/install/mission_controller/lib/python3.10/site-packages'
[0.879s] Level 1:colcon.colcon_core.shell:create_environment_hook('mission_controller', 'pythonpath')
[0.879s] INFO:colcon.colcon_core.shell:Creating environment hook '/home/het/nexus_ws/install/mission_controller/share/mission_controller/hook/pythonpath.ps1'
[0.880s] INFO:colcon.colcon_core.shell:Creating environment descriptor '/home/het/nexus_ws/install/mission_controller/share/mission_controller/hook/pythonpath.dsv'
[0.880s] INFO:colcon.colcon_core.shell:Creating environment hook '/home/het/nexus_ws/install/mission_controller/share/mission_controller/hook/pythonpath.sh'
[0.880s] Level 1:colcon.colcon_core.environment:checking '/home/het/nexus_ws/install/mission_controller/bin'
[0.880s] Level 1:colcon.colcon_core.shell:create_environment_hook('mission_controller', 'pythonscriptspath')
[0.881s] INFO:colcon.colcon_core.shell:Creating environment hook '/home/het/nexus_ws/install/mission_controller/share/mission_controller/hook/pythonscriptspath.ps1'
[0.881s] INFO:colcon.colcon_core.shell:Creating environment descriptor '/home/het/nexus_ws/install/mission_controller/share/mission_controller/hook/pythonscriptspath.dsv'
[0.881s] INFO:colcon.colcon_core.shell:Creating environment hook '/home/het/nexus_ws/install/mission_controller/share/mission_controller/hook/pythonscriptspath.sh'
[0.881s] Level 1:colcon.colcon_core.environment:create_environment_scripts_only(mission_controller)
[0.881s] INFO:colcon.colcon_core.shell:Creating package script '/home/het/nexus_ws/install/mission_controller/share/mission_controller/package.ps1'
[0.882s] INFO:colcon.colcon_core.shell:Creating package descriptor '/home/het/nexus_ws/install/mission_controller/share/mission_controller/package.dsv'
[0.882s] INFO:colcon.colcon_core.shell:Creating package script '/home/het/nexus_ws/install/mission_controller/share/mission_controller/package.sh'
[0.882s] INFO:colcon.colcon_core.shell:Creating package script '/home/het/nexus_ws/install/mission_controller/share/mission_controller/package.bash'
[0.883s] INFO:colcon.colcon_core.shell:Creating package script '/home/het/nexus_ws/install/mission_controller/share/mission_controller/package.zsh'
[0.883s] Level 1:colcon.colcon_core.environment:create_file_with_runtime_dependencies(/home/het/nexus_ws/install/mission_controller/share/colcon-core/packages/mission_controller)
[0.884s] Level 1:colcon.colcon_core.environment:checking '/home/het/nexus_ws/install/web_dashboard' for CMake module files
[0.885s] DEBUG:colcon.colcon_core.event_handler.log_command:Invoked command in '/home/het/nexus_ws/src/web_dashboard' returned '0': PYTHONPATH=/home/het/nexus_ws/build/web_dashboard/prefix_override:/usr/lib/python3/dist-packages/colcon_core/task/python/colcon_distutils_commands:/home/het/nexus_ws/install/web_dashboard/lib/python3.10/site-packages:${PYTHONPATH} /usr/bin/python3 -W ignore:setup.py install is deprecated -W ignore:easy_install command is deprecated setup.py egg_info --egg-base ../../build/web_dashboard build --build-base /home/het/nexus_ws/build/web_dashboard/build install --record /home/het/nexus_ws/build/web_dashboard/install.log --single-version-externally-managed install_data
[0.885s] Level 1:colcon.colcon_core.environment:checking '/home/het/nexus_ws/install/web_dashboard' for CMake config files
[0.885s] Level 1:colcon.colcon_core.environment:checking '/home/het/nexus_ws/install/web_dashboard/lib'
[0.885s] Level 1:colcon.colcon_core.environment:checking '/home/het/nexus_ws/install/web_dashboard/bin'
[0.885s] Level 1:colcon.colcon_core.shell:create_environment_hook('web_dashboard', 'path')
[0.886s] INFO:colcon.colcon_core.shell:Creating environment hook '/home/het/nexus_ws/install/web_dashboard/share/web_dashboard/hook/path.ps1'
[0.886s] INFO:colcon.colcon_core.shell:Creating environment descriptor '/home/het/nexus_ws/install/web_dashboard/share/web_dashboard/hook/path.dsv'
[0.886s] INFO:colcon.colcon_core.shell:Creating environment hook '/home/het/nexus_ws/install/web_dashboard/share/web_dashboard/hook/path.sh'
[0.887s] Level 1:colcon.colcon_core.environment:checking '/home/het/nexus_ws/install/web_dashboard/lib/pkgconfig/web_dashboard.pc'
[0.887s] Level 1:colcon.colcon_core.environment:checking '/home/het/nexus_ws/install/web_dashboard/lib/python3.10/site-packages'
[0.887s] Level 1:colcon.colcon_core.shell:create_environment_hook('web_dashboard', 'pythonpath')
[0.887s] INFO:colcon.colcon_core.shell:Creating environment hook '/home/het/nexus_ws/install/web_dashboard/share/web_dashboard/hook/pythonpath.ps1'
[0.887s] INFO:colcon.colcon_core.shell:Creating environment descriptor '/home/het/nexus_ws/install/web_dashboard/share/web_dashboard/hook/pythonpath.dsv'
[0.888s] INFO:colcon.colcon_core.shell:Creating environment hook '/home/het/nexus_ws/install/web_dashboard/share/web_dashboard/hook/pythonpath.sh'
[0.888s] Level 1:colcon.colcon_core.environment:checking '/home/het/nexus_ws/install/web_dashboard/bin'
[0.888s] Level 1:colcon.colcon_core.shell:create_environment_hook('web_dashboard', 'pythonscriptspath')
[0.889s] INFO:colcon.colcon_core.shell:Creating environment hook '/home/het/nexus_ws/install/web_dashboard/share/web_dashboard/hook/pythonscriptspath.ps1'
[0.889s] INFO:colcon.colcon_core.shell:Creating environment descriptor '/home/het/nexus_ws/install/web_dashboard/share/web_dashboard/hook/pythonscriptspath.dsv'
[0.889s] INFO:colcon.colcon_core.shell:Creating environment hook '/home/het/nexus_ws/install/web_dashboard/share/web_dashboard/hook/pythonscriptspath.sh'
[0.890s] Level 1:colcon.colcon_core.environment:create_environment_scripts_only(web_dashboard)
[0.890s] INFO:colcon.colcon_core.shell:Creating package script '/home/het/nexus_ws/install/web_dashboard/share/web_dashboard/package.ps1'
[0.890s] INFO:colcon.colcon_core.shell:Creating package descriptor '/home/het/nexus_ws/install/web_dashboard/share/web_dashboard/package.dsv'
[0.891s] INFO:colcon.colcon_core.shell:Creating package script '/home/het/nexus_ws/install/web_dashboard/share/web_dashboard/package.sh'
[0.891s] INFO:colcon.colcon_core.shell:Creating package script '/home/het/nexus_ws/install/web_dashboard/share/web_dashboard/package.bash'
[0.891s] INFO:colcon.colcon_core.shell:Creating package script '/home/het/nexus_ws/install/web_dashboard/share/web_dashboard/package.zsh'
[0.891s] Level 1:colcon.colcon_core.environment:create_file_with_runtime_dependencies(/home/het/nexus_ws/install/web_dashboard/share/colcon-core/packages/web_dashboard)
[0.891s] DEBUG:colcon.colcon_parallel_executor.executor.parallel:closing loop
[0.891s] DEBUG:colcon.colcon_parallel_executor.executor.parallel:loop closed
[0.891s] DEBUG:colcon.colcon_parallel_executor.executor.parallel:run_until_complete finished with '0'
[0.891s] DEBUG:colcon.colcon_core.event_reactor:joining thread
[0.894s] INFO:colcon.colcon_core.plugin_system:Skipping extension 'colcon_notification.desktop_notification.terminal_notifier': Not used on non-Darwin systems
[0.894s] INFO:colcon.colcon_core.plugin_system:Skipping extension 'colcon_notification.desktop_notification.win32': Not used on non-Windows systems
[0.894s] INFO:colcon.colcon_notification.desktop_notification:Sending desktop notification using 'notify2'
[0.901s] DEBUG:colcon.colcon_core.event_reactor:joined thread
[0.901s] INFO:colcon.colcon_core.shell:Creating prefix script '/home/het/nexus_ws/install/local_setup.ps1'
[0.901s] INFO:colcon.colcon_core.shell:Creating prefix util module '/home/het/nexus_ws/install/_local_setup_util_ps1.py'
[0.902s] INFO:colcon.colcon_core.shell:Creating prefix chain script '/home/het/nexus_ws/install/setup.ps1'
[0.903s] INFO:colcon.colcon_core.shell:Creating prefix script '/home/het/nexus_ws/install/local_setup.sh'
[0.903s] INFO:colcon.colcon_core.shell:Creating prefix util module '/home/het/nexus_ws/install/_local_setup_util_sh.py'
[0.903s] INFO:colcon.colcon_core.shell:Creating prefix chain script '/home/het/nexus_ws/install/setup.sh'
[0.904s] INFO:colcon.colcon_core.shell:Creating prefix script '/home/het/nexus_ws/install/local_setup.bash'
[0.904s] INFO:colcon.colcon_core.shell:Creating prefix chain script '/home/het/nexus_ws/install/setup.bash'
[0.904s] INFO:colcon.colcon_core.shell:Creating prefix script '/home/het/nexus_ws/install/local_setup.zsh'
[0.905s] INFO:colcon.colcon_core.shell:Creating prefix chain script '/home/het/nexus_ws/install/setup.zsh'
